<?xml version="1.0" encoding="UTF-8"?>
<testng-results skipped="0" failed="0" total="0" passed="0">
  <reporter-output>
  </reporter-output>
  <suite name="com.canopus.mw.BaseEmbeddedContainerTest" duration-ms="4" started-at="2017-05-22T09:35:51Z" finished-at="2017-05-22T09:35:51Z">
    <groups>
    </groups>
    <test name="Command line test" duration-ms="4" started-at="2017-05-22T09:35:51Z" finished-at="2017-05-22T09:35:51Z">
    </test> <!-- Command line test -->
  </suite> <!-- com.canopus.mw.BaseEmbeddedContainerTest -->
</testng-results>
